<?xml version="1.0" encoding="UTF-8"?>
<!-- Generated by org.testng.reporters.JUnitReportReporter -->
<testsuite hostname="LAPTOP-1S8BALK3" name="com.niudong.demo.util.DeEnCoderHutoolUtilTest" tests="2" failures="0" timestamp="8 Aug 2018 08:23:38 GMT" time="0.848" errors="0">
  <testcase name="testDesDecrypt" time="0.841" classname="com.niudong.demo.util.DeEnCoderHutoolUtilTest"/>
  <testcase name="testDesEncrypt" time="0.007" classname="com.niudong.demo.util.DeEnCoderHutoolUtilTest"/>
</testsuite> <!-- com.niudong.demo.util.DeEnCoderHutoolUtilTest -->
