<?xml version="1.0" encoding="UTF-8"?>
<!-- Generated by org.testng.reporters.JUnitReportReporter -->
<testsuite hostname="LAPTOP-1S8BALK3" name="com.tal.demo.util.MerkleTreeTest" tests="1" failures="0" timestamp="26 Jul 2018 11:42:53 GMT" time="0.028" errors="0">
  <testcase name="testMerkleTree" time="0.028" classname="com.tal.demo.util.MerkleTreeTest"/>
</testsuite> <!-- com.tal.demo.util.MerkleTreeTest -->
