<?xml version="1.0" encoding="UTF-8"?>
<!-- Generated by org.testng.reporters.JUnitReportReporter -->
<testsuite hostname="LAPTOP-1S8BALK3" name="com.tal.demo.util.DeEnCoderCipherUtilTest" tests="2" failures="0" timestamp="27 Jul 2018 03:15:43 GMT" time="0.379" errors="0">
  <testcase name="testEncrypt" time="0.376" classname="com.tal.demo.util.DeEnCoderCipherUtilTest"/>
  <testcase name="testDecrypt" time="0.003" classname="com.tal.demo.util.DeEnCoderCipherUtilTest"/>
</testsuite> <!-- com.tal.demo.util.DeEnCoderCipherUtilTest -->
