<?xml version="1.0" encoding="UTF-8"?>
<!-- Generated by org.testng.reporters.JUnitReportReporter -->
<testsuite hostname="LAPTOP-1S8BALK3" name="com.tal.demo.util.SimpleMerkleTreeTest" tests="2" failures="0" timestamp="26 Jul 2018 02:44:57 GMT" time="0.050" errors="0">
  <testcase name="testGetMerKleNodeList" time="0.048" classname="com.tal.demo.util.SimpleMerkleTreeTest"/>
  <testcase name="testGetTreeNodeHash" time="0.002" classname="com.tal.demo.util.SimpleMerkleTreeTest"/>
</testsuite> <!-- com.tal.demo.util.SimpleMerkleTreeTest -->
