<?xml version="1.0" encoding="UTF-8"?>
<!-- Generated by org.testng.reporters.JUnitReportReporter -->
<testsuite hostname="LAPTOP-1S8BALK3" name="com.tal.demo.util.SHAUtilTest" tests="2" failures="0" timestamp="25 Jul 2018 11:33:32 GMT" time="0.045" errors="0">
  <testcase name="testGetSHA256" time="0.029" classname="com.tal.demo.util.SHAUtilTest"/>
  <testcase name="testSha256BasedHutool" time="0.016" classname="com.tal.demo.util.SHAUtilTest"/>
</testsuite> <!-- com.tal.demo.util.SHAUtilTest -->
